mode: atomic
github.com/mycok/uSearch/internal/graphlink/store/memory/iterator.go:14.36,15.36 1 1661
github.com/mycok/uSearch/internal/graphlink/store/memory/iterator.go:19.2,21.13 2 1606
github.com/mycok/uSearch/internal/graphlink/store/memory/iterator.go:15.36,17.3 1 55
github.com/mycok/uSearch/internal/graphlink/store/memory/iterator.go:25.38,27.2 1 34
github.com/mycok/uSearch/internal/graphlink/store/memory/iterator.go:30.38,32.2 1 65
github.com/mycok/uSearch/internal/graphlink/store/memory/iterator.go:35.43,46.2 5 1606
github.com/mycok/uSearch/internal/graphlink/store/memory/iterator.go:57.36,58.36 1 1341
github.com/mycok/uSearch/internal/graphlink/store/memory/iterator.go:62.2,64.13 2 1306
github.com/mycok/uSearch/internal/graphlink/store/memory/iterator.go:58.36,60.3 1 35
github.com/mycok/uSearch/internal/graphlink/store/memory/iterator.go:68.38,70.2 1 34
github.com/mycok/uSearch/internal/graphlink/store/memory/iterator.go:73.38,75.2 1 66
github.com/mycok/uSearch/internal/graphlink/store/memory/iterator.go:78.43,89.2 5 1306
github.com/mycok/uSearch/internal/graphlink/store/memory/memory.go:34.40,41.2 1 10
github.com/mycok/uSearch/internal/graphlink/store/memory/memory.go:44.60,51.59 3 1014
github.com/mycok/uSearch/internal/graphlink/store/memory/memory.go:64.2,64.6 1 1012
github.com/mycok/uSearch/internal/graphlink/store/memory/memory.go:71.2,77.12 5 1012
github.com/mycok/uSearch/internal/graphlink/store/memory/memory.go:51.59,56.45 4 2
github.com/mycok/uSearch/internal/graphlink/store/memory/memory.go:60.3,60.13 1 2
github.com/mycok/uSearch/internal/graphlink/store/memory/memory.go:56.45,58.4 1 1
github.com/mycok/uSearch/internal/graphlink/store/memory/memory.go:64.6,66.30 2 1012
github.com/mycok/uSearch/internal/graphlink/store/memory/memory.go:66.30,67.9 1 1012
github.com/mycok/uSearch/internal/graphlink/store/memory/memory.go:82.69,88.17 4 4
github.com/mycok/uSearch/internal/graphlink/store/memory/memory.go:92.2,95.19 3 3
github.com/mycok/uSearch/internal/graphlink/store/memory/memory.go:88.17,90.3 1 1
github.com/mycok/uSearch/internal/graphlink/store/memory/memory.go:100.110,107.36 4 55
github.com/mycok/uSearch/internal/graphlink/store/memory/memory.go:114.2,116.46 2 55
github.com/mycok/uSearch/internal/graphlink/store/memory/memory.go:107.36,108.95 1 7309
github.com/mycok/uSearch/internal/graphlink/store/memory/memory.go:108.95,110.4 1 1606
github.com/mycok/uSearch/internal/graphlink/store/memory/memory.go:120.60,128.31 5 406
github.com/mycok/uSearch/internal/graphlink/store/memory/memory.go:134.2,134.49 1 405
github.com/mycok/uSearch/internal/graphlink/store/memory/memory.go:145.2,145.6 1 404
github.com/mycok/uSearch/internal/graphlink/store/memory/memory.go:152.2,161.12 6 404
github.com/mycok/uSearch/internal/graphlink/store/memory/memory.go:128.31,130.3 1 1
github.com/mycok/uSearch/internal/graphlink/store/memory/memory.go:134.49,136.69 2 29804
github.com/mycok/uSearch/internal/graphlink/store/memory/memory.go:136.69,141.4 3 1
github.com/mycok/uSearch/internal/graphlink/store/memory/memory.go:145.6,147.30 2 404
github.com/mycok/uSearch/internal/graphlink/store/memory/memory.go:147.30,148.9 1 404
github.com/mycok/uSearch/internal/graphlink/store/memory/memory.go:166.108,173.30 4 35
github.com/mycok/uSearch/internal/graphlink/store/memory/memory.go:186.2,188.46 2 35
github.com/mycok/uSearch/internal/graphlink/store/memory/memory.go:173.30,174.51 1 6609
github.com/mycok/uSearch/internal/graphlink/store/memory/memory.go:178.3,178.48 1 2809
github.com/mycok/uSearch/internal/graphlink/store/memory/memory.go:174.51,175.12 1 3800
github.com/mycok/uSearch/internal/graphlink/store/memory/memory.go:178.48,179.69 1 1309
github.com/mycok/uSearch/internal/graphlink/store/memory/memory.go:179.69,181.5 1 1306
github.com/mycok/uSearch/internal/graphlink/store/memory/memory.go:191.91,197.47 4 1
github.com/mycok/uSearch/internal/graphlink/store/memory/memory.go:209.2,211.12 2 1
github.com/mycok/uSearch/internal/graphlink/store/memory/memory.go:197.47,199.43 2 200
github.com/mycok/uSearch/internal/graphlink/store/memory/memory.go:205.3,205.44 1 100
github.com/mycok/uSearch/internal/graphlink/store/memory/memory.go:199.43,202.12 2 100
