mode: atomic
github.com/mycok/uSearch/internal/graphlink/store/memory/iterator.go:14.36,15.36 1 1661
github.com/mycok/uSearch/internal/graphlink/store/memory/iterator.go:19.2,21.13 2 1606
github.com/mycok/uSearch/internal/graphlink/store/memory/iterator.go:15.36,17.3 1 55
github.com/mycok/uSearch/internal/graphlink/store/memory/iterator.go:25.38,27.2 1 34
github.com/mycok/uSearch/internal/graphlink/store/memory/iterator.go:30.38,32.2 1 65
github.com/mycok/uSearch/internal/graphlink/store/memory/iterator.go:35.43,46.2 5 1606
github.com/mycok/uSearch/internal/graphlink/store/memory/iterator.go:57.36,58.36 1 1341
github.com/mycok/uSearch/internal/graphlink/store/memory/iterator.go:62.2,64.13 2 1306
github.com/mycok/uSearch/internal/graphlink/store/memory/iterator.go:58.36,60.3 1 35
github.com/mycok/uSearch/internal/graphlink/store/memory/iterator.go:68.38,70.2 1 34
github.com/mycok/uSearch/internal/graphlink/store/memory/iterator.go:73.38,75.2 1 66
github.com/mycok/uSearch/internal/graphlink/store/memory/iterator.go:78.43,89.2 5 1306
github.com/mycok/uSearch/internal/graphlink/store/memory/memory.go:34.40,41.2 1 9
github.com/mycok/uSearch/internal/graphlink/store/memory/memory.go:44.60,51.59 3 1010
github.com/mycok/uSearch/internal/graphlink/store/memory/memory.go:64.2,64.6 1 1010
github.com/mycok/uSearch/internal/graphlink/store/memory/memory.go:71.2,77.12 5 1010
github.com/mycok/uSearch/internal/graphlink/store/memory/memory.go:51.59,56.45 4 0
github.com/mycok/uSearch/internal/graphlink/store/memory/memory.go:60.3,60.13 1 0
github.com/mycok/uSearch/internal/graphlink/store/memory/memory.go:56.45,58.4 1 0
github.com/mycok/uSearch/internal/graphlink/store/memory/memory.go:64.6,66.30 2 1010
github.com/mycok/uSearch/internal/graphlink/store/memory/memory.go:66.30,67.9 1 1010
github.com/mycok/uSearch/internal/graphlink/store/memory/memory.go:82.69,88.17 4 2
github.com/mycok/uSearch/internal/graphlink/store/memory/memory.go:92.2,95.19 3 1
github.com/mycok/uSearch/internal/graphlink/store/memory/memory.go:88.17,90.3 1 1
github.com/mycok/uSearch/internal/graphlink/store/memory/memory.go:100.110,107.36 4 55
github.com/mycok/uSearch/internal/graphlink/store/memory/memory.go:114.2,116.46 2 55
github.com/mycok/uSearch/internal/graphlink/store/memory/memory.go:107.36,108.95 1 7309
github.com/mycok/uSearch/internal/graphlink/store/memory/memory.go:108.95,110.4 1 1606
github.com/mycok/uSearch/internal/graphlink/store/memory/memory.go:120.60,128.31 5 406
github.com/mycok/uSearch/internal/graphlink/store/memory/memory.go:134.2,134.49 1 405
github.com/mycok/uSearch/internal/graphlink/store/memory/memory.go:145.2,145.6 1 404
github.com/mycok/uSearch/internal/graphlink/store/memory/memory.go:152.2,161.12 6 404
github.com/mycok/uSearch/internal/graphlink/store/memory/memory.go:128.31,130.3 1 1
github.com/mycok/uSearch/internal/graphlink/store/memory/memory.go:134.49,136.69 2 29804
github.com/mycok/uSearch/internal/graphlink/store/memory/memory.go:136.69,141.4 3 1
github.com/mycok/uSearch/internal/graphlink/store/memory/memory.go:145.6,147.30 2 404
github.com/mycok/uSearch/internal/graphlink/store/memory/memory.go:147.30,148.9 1 404
github.com/mycok/uSearch/internal/graphlink/store/memory/memory.go:166.108,173.30 4 35
github.com/mycok/uSearch/internal/graphlink/store/memory/memory.go:186.2,188.46 2 35
github.com/mycok/uSearch/internal/graphlink/store/memory/memory.go:173.30,174.51 1 6609
github.com/mycok/uSearch/internal/graphlink/store/memory/memory.go:178.3,178.48 1 2809
github.com/mycok/uSearch/internal/graphlink/store/memory/memory.go:174.51,175.12 1 3800
github.com/mycok/uSearch/internal/graphlink/store/memory/memory.go:178.48,179.69 1 1309
github.com/mycok/uSearch/internal/graphlink/store/memory/memory.go:179.69,181.5 1 1306
github.com/mycok/uSearch/internal/graphlink/store/memory/memory.go:193.91,199.47 4 1
github.com/mycok/uSearch/internal/graphlink/store/memory/memory.go:211.2,213.12 2 1
github.com/mycok/uSearch/internal/graphlink/store/memory/memory.go:199.47,201.43 2 200
github.com/mycok/uSearch/internal/graphlink/store/memory/memory.go:207.3,207.44 1 100
github.com/mycok/uSearch/internal/graphlink/store/memory/memory.go:201.43,204.12 2 100
github.com/mycok/uSearch/internal/graphlink/store/cdb/cdb.go:59.65,61.16 2 1
github.com/mycok/uSearch/internal/graphlink/store/cdb/cdb.go:65.2,65.39 1 1
github.com/mycok/uSearch/internal/graphlink/store/cdb/cdb.go:61.16,63.3 1 0
github.com/mycok/uSearch/internal/graphlink/store/cdb/cdb.go:69.42,71.2 1 0
github.com/mycok/uSearch/internal/graphlink/store/cdb/cdb.go:74.63,76.16 2 1010
github.com/mycok/uSearch/internal/graphlink/store/cdb/cdb.go:80.2,82.12 2 1010
github.com/mycok/uSearch/internal/graphlink/store/cdb/cdb.go:76.16,78.3 1 0
github.com/mycok/uSearch/internal/graphlink/store/cdb/cdb.go:87.72,91.16 3 1
github.com/mycok/uSearch/internal/graphlink/store/cdb/cdb.go:99.2,99.18 1 0
github.com/mycok/uSearch/internal/graphlink/store/cdb/cdb.go:91.16,92.27 1 1
github.com/mycok/uSearch/internal/graphlink/store/cdb/cdb.go:96.3,96.47 1 1
github.com/mycok/uSearch/internal/graphlink/store/cdb/cdb.go:92.27,94.4 1 0
github.com/mycok/uSearch/internal/graphlink/store/cdb/cdb.go:104.113,106.16 2 42
github.com/mycok/uSearch/internal/graphlink/store/cdb/cdb.go:110.2,110.39 1 42
github.com/mycok/uSearch/internal/graphlink/store/cdb/cdb.go:106.16,108.3 1 0
github.com/mycok/uSearch/internal/graphlink/store/cdb/cdb.go:114.63,116.16 2 406
github.com/mycok/uSearch/internal/graphlink/store/cdb/cdb.go:124.2,126.12 2 405
github.com/mycok/uSearch/internal/graphlink/store/cdb/cdb.go:116.16,117.38 1 1
github.com/mycok/uSearch/internal/graphlink/store/cdb/cdb.go:121.3,121.44 1 1
github.com/mycok/uSearch/internal/graphlink/store/cdb/cdb.go:117.38,119.4 1 1
github.com/mycok/uSearch/internal/graphlink/store/cdb/cdb.go:131.111,133.16 2 33
github.com/mycok/uSearch/internal/graphlink/store/cdb/cdb.go:137.2,137.40 1 33
github.com/mycok/uSearch/internal/graphlink/store/cdb/cdb.go:133.16,135.3 1 0
github.com/mycok/uSearch/internal/graphlink/store/cdb/cdb.go:140.93,142.16 2 1
github.com/mycok/uSearch/internal/graphlink/store/cdb/cdb.go:146.2,146.12 1 1
github.com/mycok/uSearch/internal/graphlink/store/cdb/cdb.go:142.16,144.3 1 0
github.com/mycok/uSearch/internal/graphlink/store/cdb/cdb.go:151.49,153.9 2 1
github.com/mycok/uSearch/internal/graphlink/store/cdb/cdb.go:157.2,157.53 1 1
github.com/mycok/uSearch/internal/graphlink/store/cdb/cdb.go:153.9,155.3 1 0
github.com/mycok/uSearch/internal/graphlink/store/cdb/iterator.go:19.36,20.40 1 2844
github.com/mycok/uSearch/internal/graphlink/store/cdb/iterator.go:24.2,27.22 3 2802
github.com/mycok/uSearch/internal/graphlink/store/cdb/iterator.go:31.2,34.13 3 2802
github.com/mycok/uSearch/internal/graphlink/store/cdb/iterator.go:20.40,22.3 1 42
github.com/mycok/uSearch/internal/graphlink/store/cdb/iterator.go:27.22,29.3 1 0
github.com/mycok/uSearch/internal/graphlink/store/cdb/iterator.go:38.38,40.2 1 11
github.com/mycok/uSearch/internal/graphlink/store/cdb/iterator.go:43.38,45.16 2 31
github.com/mycok/uSearch/internal/graphlink/store/cdb/iterator.go:49.2,49.12 1 31
github.com/mycok/uSearch/internal/graphlink/store/cdb/iterator.go:45.16,47.3 1 0
github.com/mycok/uSearch/internal/graphlink/store/cdb/iterator.go:53.43,55.2 1 2802
github.com/mycok/uSearch/internal/graphlink/store/cdb/iterator.go:66.36,67.40 1 1431
github.com/mycok/uSearch/internal/graphlink/store/cdb/iterator.go:71.2,74.22 3 1398
github.com/mycok/uSearch/internal/graphlink/store/cdb/iterator.go:78.2,82.13 3 1398
github.com/mycok/uSearch/internal/graphlink/store/cdb/iterator.go:67.40,69.3 1 33
github.com/mycok/uSearch/internal/graphlink/store/cdb/iterator.go:74.22,76.3 1 0
github.com/mycok/uSearch/internal/graphlink/store/cdb/iterator.go:86.38,88.2 1 32
github.com/mycok/uSearch/internal/graphlink/store/cdb/iterator.go:91.38,93.16 2 64
github.com/mycok/uSearch/internal/graphlink/store/cdb/iterator.go:97.2,97.12 1 64
github.com/mycok/uSearch/internal/graphlink/store/cdb/iterator.go:93.16,95.3 1 0
github.com/mycok/uSearch/internal/graphlink/store/cdb/iterator.go:101.43,103.2 1 1398
